<?xml version="1.0" encoding="UTF-8"?>
<!-- Generated by org.testng.reporters.JUnitReportReporter -->
<testsuite hostname="UNI-BGL-SUMAN" failures="0" tests="1" name="tests.Login" time="81.770" errors="0" timestamp="2021-06-07T17:36:45 IST" skipped="0">
  <testcase classname="tests.Login" name="LoginTest" time="81.770"/>
  <system-out/>
</testsuite> <!-- tests.Login -->
