<?xml version="1.0" encoding="UTF-8"?>
<!-- Generated by org.testng.reporters.JUnitReportReporter -->
<testsuite hostname="UNI-BGL-SUMAN" failures="0" tests="1" name="tests.TestCase1" time="109.735" errors="0" timestamp="2021-05-28T17:47:13 IST" skipped="0">
  <testcase classname="tests.TestCase1" name="test" time="109.735"/>
  <system-out/>
</testsuite> <!-- tests.TestCase1 -->
