<?xml version="1.0" encoding="UTF-8"?>
<!-- Generated by org.testng.reporters.JUnitReportReporter -->
<testsuite hostname="UNI-BGL-SUMAN" failures="0" tests="1" name="tests.Shopping" time="93.918" errors="0" timestamp="2021-06-08T16:28:21 IST" skipped="0">
  <testcase classname="tests.Shopping" name="StateEdit" time="93.918"/>
  <system-out/>
</testsuite> <!-- tests.Shopping -->
