<?xml version="1.0" encoding="UTF-8"?>
<!-- Generated by org.testng.reporters.JUnitReportReporter -->
<testsuite hostname="UNI-BGL-SUMAN" failures="0" tests="1" name="tests.Business" time="62.701" errors="0" timestamp="2021-06-08T15:15:12 IST" skipped="0">
  <testcase classname="tests.Business" name="language" time="62.701"/>
  <system-out/>
</testsuite> <!-- tests.Business -->
