<?xml version="1.0" encoding="UTF-8"?>
<!-- Generated by org.testng.reporters.JUnitReportReporter -->
<testsuite hostname="UNI-BGL-SUMAN" failures="0" tests="1" name="tests.TestNGAnnotations" time="0.008" errors="0" timestamp="2021-06-01T15:35:28 IST" skipped="0">
  <testcase classname="tests.TestNGAnnotations" name="test" time="0.008"/>
  <system-out/>
</testsuite> <!-- tests.TestNGAnnotations -->
